<?xml version="1.0" encoding="UTF-8"?>
<!-- Generated by org.testng.reporters.JUnitXMLReporter -->
<testsuite hostname="DESKTOP-G0D562V" ignored="0" name="Default test" tests="5" failures="0" timestamp="14 Jan 2020 17:06:07 GMT" time="0.103" errors="0">
  <testcase name="login" time="0.024" classname="com.resurrectionSeleniumARF.TestNGinvocationCount"/>
  <testcase name="login" time="0.004" classname="com.resurrectionSeleniumARF.TestNGinvocationCount"/>
  <testcase name="login" time="0.003" classname="com.resurrectionSeleniumARF.TestNGinvocationCount"/>
  <testcase name="login" time="0.003" classname="com.resurrectionSeleniumARF.TestNGinvocationCount"/>
  <testcase name="login" time="0.002" classname="com.resurrectionSeleniumARF.TestNGinvocationCount"/>
</testsuite> <!-- Default test -->
