<?xml version="1.0" encoding="UTF-8"?>
<!-- Generated by org.testng.reporters.JUnitXMLReporter -->
<testsuite hostname="DESKTOP-G0D562V" ignored="0" name="Default test" tests="1" failures="0" timestamp="26 Jan 2020 13:43:17 GMT" time="17.247" errors="0">
  <testcase name="@BeforeMethod setUp" time="17.181" classname="com.resurrectionSeleniumARF.RoughTestNG">
    <failure type="org.openqa.selenium.SessionNotCreatedException" message="session not created
from chrome not reachable
  (Session info: chrome=79.0.3945.130)
Build info: version: &amp;apos;3.141.59&amp;apos;, revision: &amp;apos;e82be7d358&amp;apos;, time: &amp;apos;2018-11-14T08:17:03&amp;apos;
System info: host: &amp;apos;DESKTOP-G0D562V&amp;apos;, ip: &amp;apos;192.168.0.8&amp;apos;, os.name: &amp;apos;Windows 10&amp;apos;, os.arch: &amp;apos;amd64&amp;apos;, os.version: &amp;apos;10.0&amp;apos;, java.version: &amp;apos;1.8.0_66&amp;apos;
Driver info: driver.version: ChromeDriver
remote stacktrace: Backtrace:
	Ordinal0 [0x00F2A113+1548563]
	Ordinal0 [0x00EADDA1+1039777]
	Ordinal0 [0x00E2E32E+516910]
	Ordinal0 [0x00E28012+491538]
	Ordinal0 [0x00E286EB+493291]
	Ordinal0 [0x00E29855+497749]
	Ordinal0 [0x00E25885+481413]
	Ordinal0 [0x00E2F0D0+520400]
	Ordinal0 [0x00DDC030+180272]
	Ordinal0 [0x00DDB59D+177565]
	Ordinal0 [0x00DD95FB+169467]
	Ordinal0 [0x00DC160A+71178]
	Ordinal0 [0x00DC2690+75408]
	Ordinal0 [0x00DC2629+75305]
	Ordinal0 [0x00EC71B7+1143223]
	GetHandleVerifier [0x00FC2B46+507814]
	GetHandleVerifier [0x00FC2864+507076]
	GetHandleVerifier [0x00FC9F47+537511]
	GetHandleVerifier [0x00FC3402+510050]
	Ordinal0 [0x00EBF29C+1110684]
	Ordinal0 [0x00EC938B+1151883]
	Ordinal0 [0x00EC94F3+1152243]
	Ordinal0 [0x00EC83F5+1147893]
	BaseThreadInitThunk [0x75C06359+25]
	RtlGetAppContainerNamedObjectPath [0x77CC7B74+228]
	RtlGetAppContainerNamedObjectPath [0x77CC7B44+180]
">
      <![CDATA[org.openqa.selenium.SessionNotCreatedException: session not created
from chrome not reachable
  (Session info: chrome=79.0.3945.130)
Build info: version: '3.141.59', revision: 'e82be7d358', time: '2018-11-14T08:17:03'
System info: host: 'DESKTOP-G0D562V', ip: '192.168.0.8', os.name: 'Windows 10', os.arch: 'amd64', os.version: '10.0', java.version: '1.8.0_66'
Driver info: driver.version: ChromeDriver
remote stacktrace: Backtrace:
Ordinal0 [0x00F2A113+1548563]
Ordinal0 [0x00EADDA1+1039777]
Ordinal0 [0x00E2E32E+516910]
Ordinal0 [0x00E28012+491538]
Ordinal0 [0x00E286EB+493291]
Ordinal0 [0x00E29855+497749]
Ordinal0 [0x00E25885+481413]
Ordinal0 [0x00E2F0D0+520400]
Ordinal0 [0x00DDC030+180272]
Ordinal0 [0x00DDB59D+177565]
Ordinal0 [0x00DD95FB+169467]
Ordinal0 [0x00DC160A+71178]
Ordinal0 [0x00DC2690+75408]
Ordinal0 [0x00DC2629+75305]
Ordinal0 [0x00EC71B7+1143223]
GetHandleVerifier [0x00FC2B46+507814]
GetHandleVerifier [0x00FC2864+507076]
GetHandleVerifier [0x00FC9F47+537511]
GetHandleVerifier [0x00FC3402+510050]
Ordinal0 [0x00EBF29C+1110684]
Ordinal0 [0x00EC938B+1151883]
Ordinal0 [0x00EC94F3+1152243]
Ordinal0 [0x00EC83F5+1147893]
BaseThreadInitThunk [0x75C06359+25]
RtlGetAppContainerNamedObjectPath [0x77CC7B74+228]
RtlGetAppContainerNamedObjectPath [0x77CC7B44+180]

at sun.reflect.NativeConstructorAccessorImpl.newInstance0(Native Method)
at sun.reflect.NativeConstructorAccessorImpl.newInstance(Unknown Source)
at sun.reflect.DelegatingConstructorAccessorImpl.newInstance(Unknown Source)
at java.lang.reflect.Constructor.newInstance(Unknown Source)
at org.openqa.selenium.remote.W3CHandshakeResponse.lambda$errorHandler$0(W3CHandshakeResponse.java:62)
at org.openqa.selenium.remote.HandshakeResponse.lambda$getResponseFunction$0(HandshakeResponse.java:30)
at org.openqa.selenium.remote.ProtocolHandshake.lambda$createSession$0(ProtocolHandshake.java:126)
at java.util.stream.ReferencePipeline$3$1.accept(Unknown Source)
at java.util.Spliterators$ArraySpliterator.tryAdvance(Unknown Source)
at java.util.stream.ReferencePipeline.forEachWithCancel(Unknown Source)
at java.util.stream.AbstractPipeline.copyIntoWithCancel(Unknown Source)
at java.util.stream.AbstractPipeline.copyInto(Unknown Source)
at java.util.stream.AbstractPipeline.wrapAndCopyInto(Unknown Source)
at java.util.stream.FindOps$FindOp.evaluateSequential(Unknown Source)
at java.util.stream.AbstractPipeline.evaluate(Unknown Source)
at java.util.stream.ReferencePipeline.findFirst(Unknown Source)
at org.openqa.selenium.remote.ProtocolHandshake.createSession(ProtocolHandshake.java:128)
at org.openqa.selenium.remote.ProtocolHandshake.createSession(ProtocolHandshake.java:74)
at org.openqa.selenium.remote.HttpCommandExecutor.execute(HttpCommandExecutor.java:136)
at org.openqa.selenium.remote.service.DriverCommandExecutor.execute(DriverCommandExecutor.java:83)
at org.openqa.selenium.remote.RemoteWebDriver.execute(RemoteWebDriver.java:552)
at org.openqa.selenium.remote.RemoteWebDriver.startSession(RemoteWebDriver.java:213)
at org.openqa.selenium.remote.RemoteWebDriver.<init>(RemoteWebDriver.java:131)
at org.openqa.selenium.chrome.ChromeDriver.<init>(ChromeDriver.java:181)
at org.openqa.selenium.chrome.ChromeDriver.<init>(ChromeDriver.java:168)
at org.openqa.selenium.chrome.ChromeDriver.<init>(ChromeDriver.java:123)
at com.resurrectionSeleniumARF.RoughTestNG.setUp(RoughTestNG.java:17)
at sun.reflect.NativeMethodAccessorImpl.invoke0(Native Method)
at sun.reflect.NativeMethodAccessorImpl.invoke(Unknown Source)
at sun.reflect.DelegatingMethodAccessorImpl.invoke(Unknown Source)
at java.lang.reflect.Method.invoke(Unknown Source)
at org.testng.internal.MethodInvocationHelper.invokeMethod(MethodInvocationHelper.java:124)
at org.testng.internal.MethodInvocationHelper.invokeMethodConsideringTimeout(MethodInvocationHelper.java:59)
at org.testng.internal.Invoker.invokeConfigurationMethod(Invoker.java:458)
at org.testng.internal.Invoker.invokeConfigurations(Invoker.java:222)
at org.testng.internal.Invoker.invokeMethod(Invoker.java:523)
at org.testng.internal.Invoker.invokeTestMethod(Invoker.java:719)
at org.testng.internal.Invoker.invokeTestMethods(Invoker.java:989)
at org.testng.internal.TestMethodWorker.invokeTestMethods(TestMethodWorker.java:125)
at org.testng.internal.TestMethodWorker.run(TestMethodWorker.java:109)
at org.testng.TestRunner.privateRun(TestRunner.java:648)
at org.testng.TestRunner.run(TestRunner.java:505)
at org.testng.SuiteRunner.runTest(SuiteRunner.java:455)
at org.testng.SuiteRunner.runSequentially(SuiteRunner.java:450)
at org.testng.SuiteRunner.privateRun(SuiteRunner.java:415)
at org.testng.SuiteRunner.run(SuiteRunner.java:364)
at org.testng.SuiteRunnerWorker.runSuite(SuiteRunnerWorker.java:52)
at org.testng.SuiteRunnerWorker.run(SuiteRunnerWorker.java:84)
at org.testng.TestNG.runSuitesSequentially(TestNG.java:1208)
at org.testng.TestNG.runSuitesLocally(TestNG.java:1137)
at org.testng.TestNG.runSuites(TestNG.java:1049)
at org.testng.TestNG.run(TestNG.java:1017)
at org.testng.remote.AbstractRemoteTestNG.run(AbstractRemoteTestNG.java:115)
at org.testng.remote.RemoteTestNG.initAndRun(RemoteTestNG.java:251)
at org.testng.remote.RemoteTestNG.main(RemoteTestNG.java:77)
]]>
    </failure>
  </testcase> <!-- @BeforeMethod setUp -->
  <testcase name="launch" time="0.0" classname="com.resurrectionSeleniumARF.RoughTestNG">
    <skipped/>
  </testcase> <!-- launch -->
</testsuite> <!-- Default test -->
