<?xml version="1.0" encoding="UTF-8"?>
<!-- Generated by org.testng.reporters.JUnitXMLReporter -->
<testsuite hostname="DESKTOP-G0D562V" ignored="1" name="Default test" tests="2" failures="0" timestamp="01 Feb 2020 12:53:16 GMT" time="0.892" errors="0">
  <testcase name="ExcelHashTable" time="0.015" classname="com.resurrectionSeleniumARF.TestNgDataDrivingHashTable"/>
  <testcase name="ExcelHashTable" time="0.002" classname="com.resurrectionSeleniumARF.TestNgDataDrivingHashTable"/>
  <testcase name="mymethod" time="0.0" classname="com.resurrectionSeleniumARF.TestNgDataDrivingHashTable">
    <ignored/>
  </testcase> <!-- mymethod -->
</testsuite> <!-- Default test -->
