<?xml version="1.0" encoding="UTF-8"?>
<!-- Generated by org.testng.reporters.JUnitXMLReporter -->
<testsuite hostname="DESKTOP-G0D562V" ignored="1" name="Test2" tests="1" failures="0" timestamp="03 Feb 2020 09:24:56 GMT" time="0.005" errors="0">
  <testcase name="methodoneTwo" time="0.001" classname="com.resurrectionCases.TestNGDemo2"/>
  <testcase name="methodtwoTwo" time="0.0" classname="com.resurrectionCases.TestNGDemo2">
    <ignored/>
  </testcase> <!-- methodtwoTwo -->
</testsuite> <!-- Test2 -->
