<?xml version="1.0" encoding="UTF-8"?>
<testng-results skipped="0" failed="0" ignored="0" total="1" passed="1">
  <reporter-output>
  </reporter-output>
  <suite name="Default suite" duration-ms="27108" started-at="2020-01-20T13:55:33Z" finished-at="2020-01-20T13:56:00Z">
    <groups>
    </groups>
    <test name="Default test" duration-ms="27108" started-at="2020-01-20T13:55:33Z" finished-at="2020-01-20T13:56:00Z">
      <class name="com.resurrectionSeleniumARF.Webtable">
        <test-method status="PASS" signature="Webtablework()[pri:0, instance:com.resurrectionSeleniumARF.Webtable@6a4f787b]" name="Webtablework" duration-ms="27014" started-at="2020-01-20T13:55:33Z" finished-at="2020-01-20T13:56:00Z">
          <reporter-output>
          </reporter-output>
        </test-method> <!-- Webtablework -->
      </class> <!-- com.resurrectionSeleniumARF.Webtable -->
    </test> <!-- Default test -->
  </suite> <!-- Default suite -->
</testng-results>
