<?xml version="1.0" encoding="UTF-8"?>
<!-- Generated by org.testng.reporters.JUnitXMLReporter -->
<testsuite hostname="DESKTOP-G0D562V" ignored="1" name="tagTest" tests="1" failures="0" timestamp="03 Feb 2020 10:53:48 GMT" time="0.077" errors="0">
  <testcase name="methodoneOne" time="0.019" classname="com.resurrectionCases.TestNGdemo1"/>
  <testcase name="methodoneTwo" time="0.0" classname="com.resurrectionCases.TestNGdemo1">
    <ignored/>
  </testcase> <!-- methodoneTwo -->
</testsuite> <!-- tagTest -->
